<?xml version="1.0" encoding="UTF-8"?>
<!-- Generated by org.testng.reporters.JUnitXMLReporter -->
<testsuite hostname="Massa" name="Command line test" tests="23" failures="0" timestamp="2 Nov 2015 03:37:30 GMT" time="2.936" errors="0">
  <testcase name="deleteEmployee" time="0.011" classname="com.bsc.collect.controller.AppControllerTest"/>
  <testcase name="editEmployee" time="0.036" classname="com.bsc.collect.controller.AppControllerTest"/>
  <testcase name="listEmployees" time="0.007" classname="com.bsc.collect.controller.AppControllerTest"/>
  <testcase name="newEmployee" time="0.001" classname="com.bsc.collect.controller.AppControllerTest"/>
  <testcase name="saveEmployeeWithSuccess" time="0.001" classname="com.bsc.collect.controller.AppControllerTest"/>
  <testcase name="saveEmployeeWithValidationError" time="0.001" classname="com.bsc.collect.controller.AppControllerTest"/>
  <testcase name="saveEmployeeWithValidationErrorNonUniqueSSN" time="0.001" classname="com.bsc.collect.controller.AppControllerTest"/>
  <testcase name="updateEmployeeWithSuccess" time="0.003" classname="com.bsc.collect.controller.AppControllerTest"/>
  <testcase name="updateEmployeeWithValidationError" time="0.001" classname="com.bsc.collect.controller.AppControllerTest"/>
  <testcase name="updateEmployeeWithValidationErrorNonUniqueSSN" time="0.001" classname="com.bsc.collect.controller.AppControllerTest"/>
  <testcase name="deleteEmployeeByInvalidSsn" time="0.118" classname="com.bsc.collect.dao.EmployeeDaoImplTest"/>
  <testcase name="deleteEmployeeBySsn" time="0.016" classname="com.bsc.collect.dao.EmployeeDaoImplTest"/>
  <testcase name="findAllEmployees" time="0.0" classname="com.bsc.collect.dao.EmployeeDaoImplTest"/>
  <testcase name="findById" time="0.015" classname="com.bsc.collect.dao.EmployeeDaoImplTest"/>
  <testcase name="findEmployeeBySsn" time="0.016" classname="com.bsc.collect.dao.EmployeeDaoImplTest"/>
  <testcase name="saveEmployee" time="0.062" classname="com.bsc.collect.dao.EmployeeDaoImplTest"/>
  <testcase name="deleteEmployeeBySsn" time="0.0" classname="com.bsc.collect.service.EmployeeServiceImplTest"/>
  <testcase name="findAllEmployees" time="0.0" classname="com.bsc.collect.service.EmployeeServiceImplTest"/>
  <testcase name="findById" time="0.0" classname="com.bsc.collect.service.EmployeeServiceImplTest"/>
  <testcase name="findEmployeeBySsn" time="0.0" classname="com.bsc.collect.service.EmployeeServiceImplTest"/>
  <testcase name="isEmployeeSsnUnique" time="0.0" classname="com.bsc.collect.service.EmployeeServiceImplTest"/>
  <testcase name="saveEmployee" time="0.0" classname="com.bsc.collect.service.EmployeeServiceImplTest"/>
  <testcase name="updateEmployee" time="0.0" classname="com.bsc.collect.service.EmployeeServiceImplTest"/>
</testsuite> <!-- Command line test -->
