<?xml version="1.0" encoding="UTF-8"?>
<!-- Generated by org.testng.reporters.JUnitXMLReporter -->
<testsuite hostname="Massa" name="Command line test" tests="23" failures="0" timestamp="4 Jan 2016 05:08:18 GMT" time="11.276" errors="0">
  <testcase name="deleteEmployee" time="0.047" classname="com.bsc.collect.controller.AppControllerTest"/>
  <testcase name="editEmployee" time="0.031" classname="com.bsc.collect.controller.AppControllerTest"/>
  <testcase name="listEmployees" time="0.031" classname="com.bsc.collect.controller.AppControllerTest"/>
  <testcase name="newEmployee" time="0.0" classname="com.bsc.collect.controller.AppControllerTest"/>
  <testcase name="saveEmployeeWithSuccess" time="0.0" classname="com.bsc.collect.controller.AppControllerTest"/>
  <testcase name="saveEmployeeWithValidationError" time="0.0" classname="com.bsc.collect.controller.AppControllerTest"/>
  <testcase name="saveEmployeeWithValidationErrorNonUniqueSSN" time="0.0" classname="com.bsc.collect.controller.AppControllerTest"/>
  <testcase name="updateEmployeeWithSuccess" time="0.0" classname="com.bsc.collect.controller.AppControllerTest"/>
  <testcase name="updateEmployeeWithValidationError" time="0.0" classname="com.bsc.collect.controller.AppControllerTest"/>
  <testcase name="updateEmployeeWithValidationErrorNonUniqueSSN" time="0.0" classname="com.bsc.collect.controller.AppControllerTest"/>
  <testcase name="deleteEmployeeByInvalidSsn" time="0.25" classname="com.bsc.collect.dao.EmployeeDaoImplTest"/>
  <testcase name="deleteEmployeeBySsn" time="0.0" classname="com.bsc.collect.dao.EmployeeDaoImplTest"/>
  <testcase name="findAllEmployees" time="0.0" classname="com.bsc.collect.dao.EmployeeDaoImplTest"/>
  <testcase name="findById" time="0.031" classname="com.bsc.collect.dao.EmployeeDaoImplTest"/>
  <testcase name="findEmployeeBySsn" time="0.094" classname="com.bsc.collect.dao.EmployeeDaoImplTest"/>
  <testcase name="saveEmployee" time="0.254" classname="com.bsc.collect.dao.EmployeeDaoImplTest"/>
  <testcase name="deleteEmployeeBySsn" time="0.0" classname="com.bsc.collect.service.EmployeeServiceImplTest"/>
  <testcase name="findAllEmployees" time="0.0" classname="com.bsc.collect.service.EmployeeServiceImplTest"/>
  <testcase name="findById" time="0.0" classname="com.bsc.collect.service.EmployeeServiceImplTest"/>
  <testcase name="findEmployeeBySsn" time="0.0" classname="com.bsc.collect.service.EmployeeServiceImplTest"/>
  <testcase name="isEmployeeSsnUnique" time="0.0" classname="com.bsc.collect.service.EmployeeServiceImplTest"/>
  <testcase name="saveEmployee" time="0.0" classname="com.bsc.collect.service.EmployeeServiceImplTest"/>
  <testcase name="updateEmployee" time="0.015" classname="com.bsc.collect.service.EmployeeServiceImplTest"/>
</testsuite> <!-- Command line test -->
