<?xml version="1.0" encoding="UTF-8"?>
<testng-results skipped="0" failed="0" total="23" passed="23">
  <reporter-output>
  </reporter-output>
  <suite name="Command line suite" duration-ms="8002" started-at="2015-11-27T09:31:29Z" finished-at="2015-11-27T09:31:37Z">
    <groups>
    </groups>
    <test name="Command line test" duration-ms="8002" started-at="2015-11-27T09:31:29Z" finished-at="2015-11-27T09:31:37Z">
      <class name="com.bsc.collect.controller.AppControllerTest">
        <test-method status="PASS" signature="setUp()[pri:0, instance:com.bsc.collect.controller.AppControllerTest@68bbe345]" name="setUp" is-config="true" duration-ms="453" started-at="2015-11-27T15:01:29Z" finished-at="2015-11-27T15:01:29Z">
          <reporter-output>
          </reporter-output>
        </test-method> <!-- setUp -->
        <test-method status="PASS" signature="deleteEmployee()[pri:0, instance:com.bsc.collect.controller.AppControllerTest@68bbe345]" name="deleteEmployee" duration-ms="47" started-at="2015-11-27T15:01:29Z" finished-at="2015-11-27T15:01:29Z">
          <reporter-output>
          </reporter-output>
        </test-method> <!-- deleteEmployee -->
        <test-method status="PASS" signature="editEmployee()[pri:0, instance:com.bsc.collect.controller.AppControllerTest@68bbe345]" name="editEmployee" duration-ms="31" started-at="2015-11-27T15:01:29Z" finished-at="2015-11-27T15:01:29Z">
          <reporter-output>
          </reporter-output>
        </test-method> <!-- editEmployee -->
        <test-method status="PASS" signature="listEmployees()[pri:0, instance:com.bsc.collect.controller.AppControllerTest@68bbe345]" name="listEmployees" duration-ms="16" started-at="2015-11-27T15:01:29Z" finished-at="2015-11-27T15:01:29Z">
          <reporter-output>
          </reporter-output>
        </test-method> <!-- listEmployees -->
        <test-method status="PASS" signature="saveEmployeeWithSuccess()[pri:0, instance:com.bsc.collect.controller.AppControllerTest@68bbe345]" name="saveEmployeeWithSuccess" duration-ms="0" started-at="2015-11-27T15:01:29Z" finished-at="2015-11-27T15:01:29Z">
          <reporter-output>
          </reporter-output>
        </test-method> <!-- saveEmployeeWithSuccess -->
        <test-method status="PASS" signature="updateEmployeeWithSuccess()[pri:0, instance:com.bsc.collect.controller.AppControllerTest@68bbe345]" name="updateEmployeeWithSuccess" duration-ms="0" started-at="2015-11-27T15:01:29Z" finished-at="2015-11-27T15:01:29Z">
          <reporter-output>
          </reporter-output>
        </test-method> <!-- updateEmployeeWithSuccess -->
        <test-method status="PASS" signature="saveEmployeeWithValidationErrorNonUniqueSSN()[pri:0, instance:com.bsc.collect.controller.AppControllerTest@68bbe345]" name="saveEmployeeWithValidationErrorNonUniqueSSN" duration-ms="0" started-at="2015-11-27T15:01:29Z" finished-at="2015-11-27T15:01:29Z">
          <reporter-output>
          </reporter-output>
        </test-method> <!-- saveEmployeeWithValidationErrorNonUniqueSSN -->
        <test-method status="PASS" signature="updateEmployeeWithValidationErrorNonUniqueSSN()[pri:0, instance:com.bsc.collect.controller.AppControllerTest@68bbe345]" name="updateEmployeeWithValidationErrorNonUniqueSSN" duration-ms="0" started-at="2015-11-27T15:01:29Z" finished-at="2015-11-27T15:01:29Z">
          <reporter-output>
          </reporter-output>
        </test-method> <!-- updateEmployeeWithValidationErrorNonUniqueSSN -->
        <test-method status="PASS" signature="newEmployee()[pri:0, instance:com.bsc.collect.controller.AppControllerTest@68bbe345]" name="newEmployee" duration-ms="0" started-at="2015-11-27T15:01:29Z" finished-at="2015-11-27T15:01:29Z">
          <reporter-output>
          </reporter-output>
        </test-method> <!-- newEmployee -->
        <test-method status="PASS" signature="saveEmployeeWithValidationError()[pri:0, instance:com.bsc.collect.controller.AppControllerTest@68bbe345]" name="saveEmployeeWithValidationError" duration-ms="0" started-at="2015-11-27T15:01:29Z" finished-at="2015-11-27T15:01:29Z">
          <reporter-output>
          </reporter-output>
        </test-method> <!-- saveEmployeeWithValidationError -->
        <test-method status="PASS" signature="updateEmployeeWithValidationError()[pri:0, instance:com.bsc.collect.controller.AppControllerTest@68bbe345]" name="updateEmployeeWithValidationError" duration-ms="0" started-at="2015-11-27T15:01:29Z" finished-at="2015-11-27T15:01:29Z">
          <reporter-output>
          </reporter-output>
        </test-method> <!-- updateEmployeeWithValidationError -->
      </class> <!-- com.bsc.collect.controller.AppControllerTest -->
      <class name="com.bsc.collect.dao.EmployeeDaoImplTest">
        <test-method status="PASS" signature="springTestContextBeforeTestClass()[pri:0, instance:com.bsc.collect.dao.EmployeeDaoImplTest@9660f4e]" name="springTestContextBeforeTestClass" is-config="true" duration-ms="0" started-at="2015-11-27T15:01:29Z" finished-at="2015-11-27T15:01:29Z">
          <reporter-output>
          </reporter-output>
        </test-method> <!-- springTestContextBeforeTestClass -->
        <test-method status="PASS" signature="springTestContextPrepareTestInstance()[pri:0, instance:com.bsc.collect.dao.EmployeeDaoImplTest@9660f4e]" name="springTestContextPrepareTestInstance" is-config="true" duration-ms="5720" started-at="2015-11-27T15:01:29Z" depends-on-methods="org.springframework.test.context.testng.AbstractTestNGSpringContextTests.springTestContextBeforeTestClass" finished-at="2015-11-27T15:01:35Z">
          <reporter-output>
          </reporter-output>
        </test-method> <!-- springTestContextPrepareTestInstance -->
        <test-method status="PASS" signature="springTestContextBeforeTestMethod(java.lang.reflect.Method)[pri:0, instance:com.bsc.collect.dao.EmployeeDaoImplTest@9660f4e]" name="springTestContextBeforeTestMethod" is-config="true" duration-ms="500" started-at="2015-11-27T15:01:35Z" finished-at="2015-11-27T15:01:35Z">
          <params>
            <param index="0">
              <value>
                <![CDATA[public void com.bsc.collect.dao.EmployeeDaoImplTest.deleteEmployeeByInvalidSsn()]]>
              </value>
            </param>
          </params>
          <reporter-output>
          </reporter-output>
        </test-method> <!-- springTestContextBeforeTestMethod -->
        <test-method status="PASS" signature="setUp()[pri:0, instance:com.bsc.collect.dao.EmployeeDaoImplTest@9660f4e]" name="setUp" is-config="true" duration-ms="595" started-at="2015-11-27T15:01:35Z" finished-at="2015-11-27T15:01:36Z">
          <reporter-output>
          </reporter-output>
        </test-method> <!-- setUp -->
        <test-method status="PASS" signature="deleteEmployeeByInvalidSsn()[pri:0, instance:com.bsc.collect.dao.EmployeeDaoImplTest@9660f4e]" name="deleteEmployeeByInvalidSsn" duration-ms="297" started-at="2015-11-27T15:01:36Z" finished-at="2015-11-27T15:01:36Z">
          <reporter-output>
          </reporter-output>
        </test-method> <!-- deleteEmployeeByInvalidSsn -->
        <test-method status="PASS" signature="springTestContextBeforeTestMethod(java.lang.reflect.Method)[pri:0, instance:com.bsc.collect.dao.EmployeeDaoImplTest@9660f4e]" name="springTestContextBeforeTestMethod" is-config="true" duration-ms="15" started-at="2015-11-27T15:01:36Z" finished-at="2015-11-27T15:01:36Z">
          <params>
            <param index="0">
              <value>
                <![CDATA[public void com.bsc.collect.dao.EmployeeDaoImplTest.deleteEmployeeBySsn()]]>
              </value>
            </param>
          </params>
          <reporter-output>
          </reporter-output>
        </test-method> <!-- springTestContextBeforeTestMethod -->
        <test-method status="PASS" signature="springTestContextAfterTestMethod(java.lang.reflect.Method)[pri:0, instance:com.bsc.collect.dao.EmployeeDaoImplTest@9660f4e]" name="springTestContextAfterTestMethod" is-config="true" duration-ms="0" started-at="2015-11-27T15:01:36Z" finished-at="2015-11-27T15:01:36Z">
          <params>
            <param index="0">
              <value>
                <![CDATA[public void com.bsc.collect.dao.EmployeeDaoImplTest.deleteEmployeeByInvalidSsn()]]>
              </value>
            </param>
          </params>
          <reporter-output>
          </reporter-output>
        </test-method> <!-- springTestContextAfterTestMethod -->
        <test-method status="PASS" signature="setUp()[pri:0, instance:com.bsc.collect.dao.EmployeeDaoImplTest@9660f4e]" name="setUp" is-config="true" duration-ms="16" started-at="2015-11-27T15:01:36Z" finished-at="2015-11-27T15:01:36Z">
          <reporter-output>
          </reporter-output>
        </test-method> <!-- setUp -->
        <test-method status="PASS" signature="springTestContextAfterTestMethod(java.lang.reflect.Method)[pri:0, instance:com.bsc.collect.dao.EmployeeDaoImplTest@9660f4e]" name="springTestContextAfterTestMethod" is-config="true" duration-ms="0" started-at="2015-11-27T15:01:36Z" finished-at="2015-11-27T15:01:36Z">
          <params>
            <param index="0">
              <value>
                <![CDATA[public void com.bsc.collect.dao.EmployeeDaoImplTest.deleteEmployeeBySsn()]]>
              </value>
            </param>
          </params>
          <reporter-output>
          </reporter-output>
        </test-method> <!-- springTestContextAfterTestMethod -->
        <test-method status="PASS" signature="setUp()[pri:0, instance:com.bsc.collect.dao.EmployeeDaoImplTest@9660f4e]" name="setUp" is-config="true" duration-ms="15" started-at="2015-11-27T15:01:36Z" finished-at="2015-11-27T15:01:36Z">
          <reporter-output>
          </reporter-output>
        </test-method> <!-- setUp -->
        <test-method status="PASS" signature="deleteEmployeeBySsn()[pri:0, instance:com.bsc.collect.dao.EmployeeDaoImplTest@9660f4e]" name="deleteEmployeeBySsn" duration-ms="0" started-at="2015-11-27T15:01:36Z" finished-at="2015-11-27T15:01:36Z">
          <reporter-output>
          </reporter-output>
        </test-method> <!-- deleteEmployeeBySsn -->
        <test-method status="PASS" signature="springTestContextBeforeTestMethod(java.lang.reflect.Method)[pri:0, instance:com.bsc.collect.dao.EmployeeDaoImplTest@9660f4e]" name="springTestContextBeforeTestMethod" is-config="true" duration-ms="0" started-at="2015-11-27T15:01:36Z" finished-at="2015-11-27T15:01:36Z">
          <params>
            <param index="0">
              <value>
                <![CDATA[public void com.bsc.collect.dao.EmployeeDaoImplTest.findAllEmployees()]]>
              </value>
            </param>
          </params>
          <reporter-output>
          </reporter-output>
        </test-method> <!-- springTestContextBeforeTestMethod -->
        <test-method status="PASS" signature="setUp()[pri:0, instance:com.bsc.collect.dao.EmployeeDaoImplTest@9660f4e]" name="setUp" is-config="true" duration-ms="16" started-at="2015-11-27T15:01:36Z" finished-at="2015-11-27T15:01:36Z">
          <reporter-output>
          </reporter-output>
        </test-method> <!-- setUp -->
        <test-method status="PASS" signature="springTestContextBeforeTestMethod(java.lang.reflect.Method)[pri:0, instance:com.bsc.collect.dao.EmployeeDaoImplTest@9660f4e]" name="springTestContextBeforeTestMethod" is-config="true" duration-ms="0" started-at="2015-11-27T15:01:36Z" finished-at="2015-11-27T15:01:36Z">
          <params>
            <param index="0">
              <value>
                <![CDATA[public void com.bsc.collect.dao.EmployeeDaoImplTest.findById()]]>
              </value>
            </param>
          </params>
          <reporter-output>
          </reporter-output>
        </test-method> <!-- springTestContextBeforeTestMethod -->
        <test-method status="PASS" signature="springTestContextAfterTestMethod(java.lang.reflect.Method)[pri:0, instance:com.bsc.collect.dao.EmployeeDaoImplTest@9660f4e]" name="springTestContextAfterTestMethod" is-config="true" duration-ms="0" started-at="2015-11-27T15:01:36Z" finished-at="2015-11-27T15:01:36Z">
          <params>
            <param index="0">
              <value>
                <![CDATA[public void com.bsc.collect.dao.EmployeeDaoImplTest.findAllEmployees()]]>
              </value>
            </param>
          </params>
          <reporter-output>
          </reporter-output>
        </test-method> <!-- springTestContextAfterTestMethod -->
        <test-method status="PASS" signature="findAllEmployees()[pri:0, instance:com.bsc.collect.dao.EmployeeDaoImplTest@9660f4e]" name="findAllEmployees" duration-ms="0" started-at="2015-11-27T15:01:36Z" finished-at="2015-11-27T15:01:36Z">
          <reporter-output>
          </reporter-output>
        </test-method> <!-- findAllEmployees -->
        <test-method status="PASS" signature="findById()[pri:0, instance:com.bsc.collect.dao.EmployeeDaoImplTest@9660f4e]" name="findById" duration-ms="16" started-at="2015-11-27T15:01:36Z" finished-at="2015-11-27T15:01:36Z">
          <reporter-output>
          </reporter-output>
        </test-method> <!-- findById -->
        <test-method status="PASS" signature="setUp()[pri:0, instance:com.bsc.collect.dao.EmployeeDaoImplTest@9660f4e]" name="setUp" is-config="true" duration-ms="15" started-at="2015-11-27T15:01:36Z" finished-at="2015-11-27T15:01:36Z">
          <reporter-output>
          </reporter-output>
        </test-method> <!-- setUp -->
        <test-method status="PASS" signature="springTestContextBeforeTestMethod(java.lang.reflect.Method)[pri:0, instance:com.bsc.collect.dao.EmployeeDaoImplTest@9660f4e]" name="springTestContextBeforeTestMethod" is-config="true" duration-ms="0" started-at="2015-11-27T15:01:36Z" finished-at="2015-11-27T15:01:36Z">
          <params>
            <param index="0">
              <value>
                <![CDATA[public void com.bsc.collect.dao.EmployeeDaoImplTest.findEmployeeBySsn()]]>
              </value>
            </param>
          </params>
          <reporter-output>
          </reporter-output>
        </test-method> <!-- springTestContextBeforeTestMethod -->
        <test-method status="PASS" signature="springTestContextAfterTestMethod(java.lang.reflect.Method)[pri:0, instance:com.bsc.collect.dao.EmployeeDaoImplTest@9660f4e]" name="springTestContextAfterTestMethod" is-config="true" duration-ms="0" started-at="2015-11-27T15:01:36Z" finished-at="2015-11-27T15:01:36Z">
          <params>
            <param index="0">
              <value>
                <![CDATA[public void com.bsc.collect.dao.EmployeeDaoImplTest.findById()]]>
              </value>
            </param>
          </params>
          <reporter-output>
          </reporter-output>
        </test-method> <!-- springTestContextAfterTestMethod -->
        <test-method status="PASS" signature="findEmployeeBySsn()[pri:0, instance:com.bsc.collect.dao.EmployeeDaoImplTest@9660f4e]" name="findEmployeeBySsn" duration-ms="16" started-at="2015-11-27T15:01:36Z" finished-at="2015-11-27T15:01:36Z">
          <reporter-output>
          </reporter-output>
        </test-method> <!-- findEmployeeBySsn -->
        <test-method status="PASS" signature="springTestContextAfterTestMethod(java.lang.reflect.Method)[pri:0, instance:com.bsc.collect.dao.EmployeeDaoImplTest@9660f4e]" name="springTestContextAfterTestMethod" is-config="true" duration-ms="0" started-at="2015-11-27T15:01:36Z" finished-at="2015-11-27T15:01:36Z">
          <params>
            <param index="0">
              <value>
                <![CDATA[public void com.bsc.collect.dao.EmployeeDaoImplTest.findEmployeeBySsn()]]>
              </value>
            </param>
          </params>
          <reporter-output>
          </reporter-output>
        </test-method> <!-- springTestContextAfterTestMethod -->
        <test-method status="PASS" signature="setUp()[pri:0, instance:com.bsc.collect.dao.EmployeeDaoImplTest@9660f4e]" name="setUp" is-config="true" duration-ms="31" started-at="2015-11-27T15:01:36Z" finished-at="2015-11-27T15:01:36Z">
          <reporter-output>
          </reporter-output>
        </test-method> <!-- setUp -->
        <test-method status="PASS" signature="springTestContextBeforeTestMethod(java.lang.reflect.Method)[pri:0, instance:com.bsc.collect.dao.EmployeeDaoImplTest@9660f4e]" name="springTestContextBeforeTestMethod" is-config="true" duration-ms="0" started-at="2015-11-27T15:01:36Z" finished-at="2015-11-27T15:01:36Z">
          <params>
            <param index="0">
              <value>
                <![CDATA[public void com.bsc.collect.dao.EmployeeDaoImplTest.saveEmployee()]]>
              </value>
            </param>
          </params>
          <reporter-output>
          </reporter-output>
        </test-method> <!-- springTestContextBeforeTestMethod -->
        <test-method status="PASS" signature="saveEmployee()[pri:0, instance:com.bsc.collect.dao.EmployeeDaoImplTest@9660f4e]" name="saveEmployee" duration-ms="172" started-at="2015-11-27T15:01:36Z" finished-at="2015-11-27T15:01:37Z">
          <reporter-output>
          </reporter-output>
        </test-method> <!-- saveEmployee -->
        <test-method status="PASS" signature="springTestContextAfterTestClass()[pri:0, instance:com.bsc.collect.dao.EmployeeDaoImplTest@9660f4e]" name="springTestContextAfterTestClass" is-config="true" duration-ms="0" started-at="2015-11-27T15:01:37Z" finished-at="2015-11-27T15:01:37Z">
          <reporter-output>
          </reporter-output>
        </test-method> <!-- springTestContextAfterTestClass -->
        <test-method status="PASS" signature="springTestContextAfterTestMethod(java.lang.reflect.Method)[pri:0, instance:com.bsc.collect.dao.EmployeeDaoImplTest@9660f4e]" name="springTestContextAfterTestMethod" is-config="true" duration-ms="0" started-at="2015-11-27T15:01:37Z" finished-at="2015-11-27T15:01:37Z">
          <params>
            <param index="0">
              <value>
                <![CDATA[public void com.bsc.collect.dao.EmployeeDaoImplTest.saveEmployee()]]>
              </value>
            </param>
          </params>
          <reporter-output>
          </reporter-output>
        </test-method> <!-- springTestContextAfterTestMethod -->
      </class> <!-- com.bsc.collect.dao.EmployeeDaoImplTest -->
      <class name="com.bsc.collect.service.EmployeeServiceImplTest">
        <test-method status="PASS" signature="deleteEmployeeBySsn()[pri:0, instance:com.bsc.collect.service.EmployeeServiceImplTest@3d99d22e]" name="deleteEmployeeBySsn" duration-ms="15" started-at="2015-11-27T15:01:37Z" finished-at="2015-11-27T15:01:37Z">
          <reporter-output>
          </reporter-output>
        </test-method> <!-- deleteEmployeeBySsn -->
        <test-method status="PASS" signature="setUp()[pri:0, instance:com.bsc.collect.service.EmployeeServiceImplTest@3d99d22e]" name="setUp" is-config="true" duration-ms="0" started-at="2015-11-27T15:01:37Z" finished-at="2015-11-27T15:01:37Z">
          <reporter-output>
          </reporter-output>
        </test-method> <!-- setUp -->
        <test-method status="PASS" signature="findEmployeeBySsn()[pri:0, instance:com.bsc.collect.service.EmployeeServiceImplTest@3d99d22e]" name="findEmployeeBySsn" duration-ms="0" started-at="2015-11-27T15:01:37Z" finished-at="2015-11-27T15:01:37Z">
          <reporter-output>
          </reporter-output>
        </test-method> <!-- findEmployeeBySsn -->
        <test-method status="PASS" signature="saveEmployee()[pri:0, instance:com.bsc.collect.service.EmployeeServiceImplTest@3d99d22e]" name="saveEmployee" duration-ms="0" started-at="2015-11-27T15:01:37Z" finished-at="2015-11-27T15:01:37Z">
          <reporter-output>
          </reporter-output>
        </test-method> <!-- saveEmployee -->
        <test-method status="PASS" signature="findById()[pri:0, instance:com.bsc.collect.service.EmployeeServiceImplTest@3d99d22e]" name="findById" duration-ms="0" started-at="2015-11-27T15:01:37Z" finished-at="2015-11-27T15:01:37Z">
          <reporter-output>
          </reporter-output>
        </test-method> <!-- findById -->
        <test-method status="PASS" signature="isEmployeeSsnUnique()[pri:0, instance:com.bsc.collect.service.EmployeeServiceImplTest@3d99d22e]" name="isEmployeeSsnUnique" duration-ms="0" started-at="2015-11-27T15:01:37Z" finished-at="2015-11-27T15:01:37Z">
          <reporter-output>
          </reporter-output>
        </test-method> <!-- isEmployeeSsnUnique -->
        <test-method status="PASS" signature="findAllEmployees()[pri:0, instance:com.bsc.collect.service.EmployeeServiceImplTest@3d99d22e]" name="findAllEmployees" duration-ms="0" started-at="2015-11-27T15:01:37Z" finished-at="2015-11-27T15:01:37Z">
          <reporter-output>
          </reporter-output>
        </test-method> <!-- findAllEmployees -->
        <test-method status="PASS" signature="updateEmployee()[pri:0, instance:com.bsc.collect.service.EmployeeServiceImplTest@3d99d22e]" name="updateEmployee" duration-ms="0" started-at="2015-11-27T15:01:37Z" finished-at="2015-11-27T15:01:37Z">
          <reporter-output>
          </reporter-output>
        </test-method> <!-- updateEmployee -->
      </class> <!-- com.bsc.collect.service.EmployeeServiceImplTest -->
    </test> <!-- Command line test -->
  </suite> <!-- Command line suite -->
</testng-results>
