<?xml version="1.0" encoding="UTF-8"?>
<testng-results skipped="0" failed="0" total="23" passed="23">
  <reporter-output>
  </reporter-output>
  <suite name="Command line suite" duration-ms="2936" started-at="2015-11-02T03:37:27Z" finished-at="2015-11-02T03:37:30Z">
    <groups>
    </groups>
    <test name="Command line test" duration-ms="2936" started-at="2015-11-02T03:37:27Z" finished-at="2015-11-02T03:37:30Z">
      <class name="com.bsc.collect.controller.AppControllerTest">
        <test-method status="PASS" signature="setUp()[pri:0, instance:com.bsc.collect.controller.AppControllerTest@5ae63ade]" name="setUp" is-config="true" duration-ms="343" started-at="2015-11-02T09:07:27Z" finished-at="2015-11-02T09:07:27Z">
          <reporter-output>
          </reporter-output>
        </test-method> <!-- setUp -->
        <test-method status="PASS" signature="deleteEmployee()[pri:0, instance:com.bsc.collect.controller.AppControllerTest@5ae63ade]" name="deleteEmployee" duration-ms="11" started-at="2015-11-02T09:07:27Z" finished-at="2015-11-02T09:07:27Z">
          <reporter-output>
          </reporter-output>
        </test-method> <!-- deleteEmployee -->
        <test-method status="PASS" signature="editEmployee()[pri:0, instance:com.bsc.collect.controller.AppControllerTest@5ae63ade]" name="editEmployee" duration-ms="36" started-at="2015-11-02T09:07:27Z" finished-at="2015-11-02T09:07:27Z">
          <reporter-output>
          </reporter-output>
        </test-method> <!-- editEmployee -->
        <test-method status="PASS" signature="listEmployees()[pri:0, instance:com.bsc.collect.controller.AppControllerTest@5ae63ade]" name="listEmployees" duration-ms="7" started-at="2015-11-02T09:07:27Z" finished-at="2015-11-02T09:07:27Z">
          <reporter-output>
          </reporter-output>
        </test-method> <!-- listEmployees -->
        <test-method status="PASS" signature="newEmployee()[pri:0, instance:com.bsc.collect.controller.AppControllerTest@5ae63ade]" name="newEmployee" duration-ms="1" started-at="2015-11-02T09:07:27Z" finished-at="2015-11-02T09:07:27Z">
          <reporter-output>
          </reporter-output>
        </test-method> <!-- newEmployee -->
        <test-method status="PASS" signature="saveEmployeeWithSuccess()[pri:0, instance:com.bsc.collect.controller.AppControllerTest@5ae63ade]" name="saveEmployeeWithSuccess" duration-ms="1" started-at="2015-11-02T09:07:27Z" finished-at="2015-11-02T09:07:27Z">
          <reporter-output>
          </reporter-output>
        </test-method> <!-- saveEmployeeWithSuccess -->
        <test-method status="PASS" signature="saveEmployeeWithValidationError()[pri:0, instance:com.bsc.collect.controller.AppControllerTest@5ae63ade]" name="saveEmployeeWithValidationError" duration-ms="1" started-at="2015-11-02T09:07:27Z" finished-at="2015-11-02T09:07:27Z">
          <reporter-output>
          </reporter-output>
        </test-method> <!-- saveEmployeeWithValidationError -->
        <test-method status="PASS" signature="saveEmployeeWithValidationErrorNonUniqueSSN()[pri:0, instance:com.bsc.collect.controller.AppControllerTest@5ae63ade]" name="saveEmployeeWithValidationErrorNonUniqueSSN" duration-ms="1" started-at="2015-11-02T09:07:27Z" finished-at="2015-11-02T09:07:27Z">
          <reporter-output>
          </reporter-output>
        </test-method> <!-- saveEmployeeWithValidationErrorNonUniqueSSN -->
        <test-method status="PASS" signature="updateEmployeeWithSuccess()[pri:0, instance:com.bsc.collect.controller.AppControllerTest@5ae63ade]" name="updateEmployeeWithSuccess" duration-ms="3" started-at="2015-11-02T09:07:27Z" finished-at="2015-11-02T09:07:27Z">
          <reporter-output>
          </reporter-output>
        </test-method> <!-- updateEmployeeWithSuccess -->
        <test-method status="PASS" signature="updateEmployeeWithValidationError()[pri:0, instance:com.bsc.collect.controller.AppControllerTest@5ae63ade]" name="updateEmployeeWithValidationError" duration-ms="1" started-at="2015-11-02T09:07:27Z" finished-at="2015-11-02T09:07:27Z">
          <reporter-output>
          </reporter-output>
        </test-method> <!-- updateEmployeeWithValidationError -->
        <test-method status="PASS" signature="updateEmployeeWithValidationErrorNonUniqueSSN()[pri:0, instance:com.bsc.collect.controller.AppControllerTest@5ae63ade]" name="updateEmployeeWithValidationErrorNonUniqueSSN" duration-ms="1" started-at="2015-11-02T09:07:27Z" finished-at="2015-11-02T09:07:27Z">
          <reporter-output>
          </reporter-output>
        </test-method> <!-- updateEmployeeWithValidationErrorNonUniqueSSN -->
      </class> <!-- com.bsc.collect.controller.AppControllerTest -->
      <class name="com.bsc.collect.dao.EmployeeDaoImplTest">
        <test-method status="PASS" signature="springTestContextPrepareTestInstance()[pri:0, instance:com.bsc.collect.dao.EmployeeDaoImplTest@3a883ce7]" name="springTestContextPrepareTestInstance" is-config="true" duration-ms="1898" started-at="2015-11-02T09:07:27Z" depends-on-methods="org.springframework.test.context.testng.AbstractTestNGSpringContextTests.springTestContextBeforeTestClass" finished-at="2015-11-02T09:07:29Z">
          <reporter-output>
          </reporter-output>
        </test-method> <!-- springTestContextPrepareTestInstance -->
        <test-method status="PASS" signature="springTestContextBeforeTestClass()[pri:0, instance:com.bsc.collect.dao.EmployeeDaoImplTest@3a883ce7]" name="springTestContextBeforeTestClass" is-config="true" duration-ms="0" started-at="2015-11-02T09:07:27Z" finished-at="2015-11-02T09:07:27Z">
          <reporter-output>
          </reporter-output>
        </test-method> <!-- springTestContextBeforeTestClass -->
        <test-method status="PASS" signature="springTestContextBeforeTestMethod(java.lang.reflect.Method)[pri:0, instance:com.bsc.collect.dao.EmployeeDaoImplTest@3a883ce7]" name="springTestContextBeforeTestMethod" is-config="true" duration-ms="62" started-at="2015-11-02T09:07:29Z" finished-at="2015-11-02T09:07:29Z">
          <params>
            <param index="0">
              <value>
                <![CDATA[public void com.bsc.collect.dao.EmployeeDaoImplTest.deleteEmployeeByInvalidSsn()]]>
              </value>
            </param>
          </params>
          <reporter-output>
          </reporter-output>
        </test-method> <!-- springTestContextBeforeTestMethod -->
        <test-method status="PASS" signature="setUp()[pri:0, instance:com.bsc.collect.dao.EmployeeDaoImplTest@3a883ce7]" name="setUp" is-config="true" duration-ms="225" started-at="2015-11-02T09:07:29Z" finished-at="2015-11-02T09:07:29Z">
          <reporter-output>
          </reporter-output>
        </test-method> <!-- setUp -->
        <test-method status="PASS" signature="deleteEmployeeByInvalidSsn()[pri:0, instance:com.bsc.collect.dao.EmployeeDaoImplTest@3a883ce7]" name="deleteEmployeeByInvalidSsn" duration-ms="118" started-at="2015-11-02T09:07:29Z" finished-at="2015-11-02T09:07:29Z">
          <reporter-output>
          </reporter-output>
        </test-method> <!-- deleteEmployeeByInvalidSsn -->
        <test-method status="PASS" signature="setUp()[pri:0, instance:com.bsc.collect.dao.EmployeeDaoImplTest@3a883ce7]" name="setUp" is-config="true" duration-ms="16" started-at="2015-11-02T09:07:29Z" finished-at="2015-11-02T09:07:29Z">
          <reporter-output>
          </reporter-output>
        </test-method> <!-- setUp -->
        <test-method status="PASS" signature="springTestContextBeforeTestMethod(java.lang.reflect.Method)[pri:0, instance:com.bsc.collect.dao.EmployeeDaoImplTest@3a883ce7]" name="springTestContextBeforeTestMethod" is-config="true" duration-ms="0" started-at="2015-11-02T09:07:29Z" finished-at="2015-11-02T09:07:29Z">
          <params>
            <param index="0">
              <value>
                <![CDATA[public void com.bsc.collect.dao.EmployeeDaoImplTest.deleteEmployeeBySsn()]]>
              </value>
            </param>
          </params>
          <reporter-output>
          </reporter-output>
        </test-method> <!-- springTestContextBeforeTestMethod -->
        <test-method status="PASS" signature="springTestContextAfterTestMethod(java.lang.reflect.Method)[pri:0, instance:com.bsc.collect.dao.EmployeeDaoImplTest@3a883ce7]" name="springTestContextAfterTestMethod" is-config="true" duration-ms="0" started-at="2015-11-02T09:07:29Z" finished-at="2015-11-02T09:07:29Z">
          <params>
            <param index="0">
              <value>
                <![CDATA[public void com.bsc.collect.dao.EmployeeDaoImplTest.deleteEmployeeByInvalidSsn()]]>
              </value>
            </param>
          </params>
          <reporter-output>
          </reporter-output>
        </test-method> <!-- springTestContextAfterTestMethod -->
        <test-method status="PASS" signature="deleteEmployeeBySsn()[pri:0, instance:com.bsc.collect.dao.EmployeeDaoImplTest@3a883ce7]" name="deleteEmployeeBySsn" duration-ms="16" started-at="2015-11-02T09:07:29Z" finished-at="2015-11-02T09:07:29Z">
          <reporter-output>
          </reporter-output>
        </test-method> <!-- deleteEmployeeBySsn -->
        <test-method status="PASS" signature="setUp()[pri:0, instance:com.bsc.collect.dao.EmployeeDaoImplTest@3a883ce7]" name="setUp" is-config="true" duration-ms="15" started-at="2015-11-02T09:07:29Z" finished-at="2015-11-02T09:07:29Z">
          <reporter-output>
          </reporter-output>
        </test-method> <!-- setUp -->
        <test-method status="PASS" signature="springTestContextAfterTestMethod(java.lang.reflect.Method)[pri:0, instance:com.bsc.collect.dao.EmployeeDaoImplTest@3a883ce7]" name="springTestContextAfterTestMethod" is-config="true" duration-ms="0" started-at="2015-11-02T09:07:29Z" finished-at="2015-11-02T09:07:29Z">
          <params>
            <param index="0">
              <value>
                <![CDATA[public void com.bsc.collect.dao.EmployeeDaoImplTest.deleteEmployeeBySsn()]]>
              </value>
            </param>
          </params>
          <reporter-output>
          </reporter-output>
        </test-method> <!-- springTestContextAfterTestMethod -->
        <test-method status="PASS" signature="springTestContextBeforeTestMethod(java.lang.reflect.Method)[pri:0, instance:com.bsc.collect.dao.EmployeeDaoImplTest@3a883ce7]" name="springTestContextBeforeTestMethod" is-config="true" duration-ms="0" started-at="2015-11-02T09:07:29Z" finished-at="2015-11-02T09:07:29Z">
          <params>
            <param index="0">
              <value>
                <![CDATA[public void com.bsc.collect.dao.EmployeeDaoImplTest.findAllEmployees()]]>
              </value>
            </param>
          </params>
          <reporter-output>
          </reporter-output>
        </test-method> <!-- springTestContextBeforeTestMethod -->
        <test-method status="PASS" signature="springTestContextBeforeTestMethod(java.lang.reflect.Method)[pri:0, instance:com.bsc.collect.dao.EmployeeDaoImplTest@3a883ce7]" name="springTestContextBeforeTestMethod" is-config="true" duration-ms="0" started-at="2015-11-02T09:07:29Z" finished-at="2015-11-02T09:07:29Z">
          <params>
            <param index="0">
              <value>
                <![CDATA[public void com.bsc.collect.dao.EmployeeDaoImplTest.findById()]]>
              </value>
            </param>
          </params>
          <reporter-output>
          </reporter-output>
        </test-method> <!-- springTestContextBeforeTestMethod -->
        <test-method status="PASS" signature="setUp()[pri:0, instance:com.bsc.collect.dao.EmployeeDaoImplTest@3a883ce7]" name="setUp" is-config="true" duration-ms="16" started-at="2015-11-02T09:07:29Z" finished-at="2015-11-02T09:07:29Z">
          <reporter-output>
          </reporter-output>
        </test-method> <!-- setUp -->
        <test-method status="PASS" signature="findAllEmployees()[pri:0, instance:com.bsc.collect.dao.EmployeeDaoImplTest@3a883ce7]" name="findAllEmployees" duration-ms="0" started-at="2015-11-02T09:07:29Z" finished-at="2015-11-02T09:07:29Z">
          <reporter-output>
          </reporter-output>
        </test-method> <!-- findAllEmployees -->
        <test-method status="PASS" signature="springTestContextAfterTestMethod(java.lang.reflect.Method)[pri:0, instance:com.bsc.collect.dao.EmployeeDaoImplTest@3a883ce7]" name="springTestContextAfterTestMethod" is-config="true" duration-ms="0" started-at="2015-11-02T09:07:29Z" finished-at="2015-11-02T09:07:29Z">
          <params>
            <param index="0">
              <value>
                <![CDATA[public void com.bsc.collect.dao.EmployeeDaoImplTest.findAllEmployees()]]>
              </value>
            </param>
          </params>
          <reporter-output>
          </reporter-output>
        </test-method> <!-- springTestContextAfterTestMethod -->
        <test-method status="PASS" signature="findById()[pri:0, instance:com.bsc.collect.dao.EmployeeDaoImplTest@3a883ce7]" name="findById" duration-ms="15" started-at="2015-11-02T09:07:29Z" finished-at="2015-11-02T09:07:29Z">
          <reporter-output>
          </reporter-output>
        </test-method> <!-- findById -->
        <test-method status="PASS" signature="springTestContextAfterTestMethod(java.lang.reflect.Method)[pri:0, instance:com.bsc.collect.dao.EmployeeDaoImplTest@3a883ce7]" name="springTestContextAfterTestMethod" is-config="true" duration-ms="0" started-at="2015-11-02T09:07:29Z" finished-at="2015-11-02T09:07:29Z">
          <params>
            <param index="0">
              <value>
                <![CDATA[public void com.bsc.collect.dao.EmployeeDaoImplTest.findById()]]>
              </value>
            </param>
          </params>
          <reporter-output>
          </reporter-output>
        </test-method> <!-- springTestContextAfterTestMethod -->
        <test-method status="PASS" signature="setUp()[pri:0, instance:com.bsc.collect.dao.EmployeeDaoImplTest@3a883ce7]" name="setUp" is-config="true" duration-ms="16" started-at="2015-11-02T09:07:29Z" finished-at="2015-11-02T09:07:29Z">
          <reporter-output>
          </reporter-output>
        </test-method> <!-- setUp -->
        <test-method status="PASS" signature="springTestContextBeforeTestMethod(java.lang.reflect.Method)[pri:0, instance:com.bsc.collect.dao.EmployeeDaoImplTest@3a883ce7]" name="springTestContextBeforeTestMethod" is-config="true" duration-ms="0" started-at="2015-11-02T09:07:29Z" finished-at="2015-11-02T09:07:29Z">
          <params>
            <param index="0">
              <value>
                <![CDATA[public void com.bsc.collect.dao.EmployeeDaoImplTest.findEmployeeBySsn()]]>
              </value>
            </param>
          </params>
          <reporter-output>
          </reporter-output>
        </test-method> <!-- springTestContextBeforeTestMethod -->
        <test-method status="PASS" signature="findEmployeeBySsn()[pri:0, instance:com.bsc.collect.dao.EmployeeDaoImplTest@3a883ce7]" name="findEmployeeBySsn" duration-ms="16" started-at="2015-11-02T09:07:29Z" finished-at="2015-11-02T09:07:29Z">
          <reporter-output>
          </reporter-output>
        </test-method> <!-- findEmployeeBySsn -->
        <test-method status="PASS" signature="setUp()[pri:0, instance:com.bsc.collect.dao.EmployeeDaoImplTest@3a883ce7]" name="setUp" is-config="true" duration-ms="31" started-at="2015-11-02T09:07:29Z" finished-at="2015-11-02T09:07:30Z">
          <reporter-output>
          </reporter-output>
        </test-method> <!-- setUp -->
        <test-method status="PASS" signature="springTestContextAfterTestMethod(java.lang.reflect.Method)[pri:0, instance:com.bsc.collect.dao.EmployeeDaoImplTest@3a883ce7]" name="springTestContextAfterTestMethod" is-config="true" duration-ms="0" started-at="2015-11-02T09:07:29Z" finished-at="2015-11-02T09:07:29Z">
          <params>
            <param index="0">
              <value>
                <![CDATA[public void com.bsc.collect.dao.EmployeeDaoImplTest.findEmployeeBySsn()]]>
              </value>
            </param>
          </params>
          <reporter-output>
          </reporter-output>
        </test-method> <!-- springTestContextAfterTestMethod -->
        <test-method status="PASS" signature="springTestContextBeforeTestMethod(java.lang.reflect.Method)[pri:0, instance:com.bsc.collect.dao.EmployeeDaoImplTest@3a883ce7]" name="springTestContextBeforeTestMethod" is-config="true" duration-ms="0" started-at="2015-11-02T09:07:29Z" finished-at="2015-11-02T09:07:29Z">
          <params>
            <param index="0">
              <value>
                <![CDATA[public void com.bsc.collect.dao.EmployeeDaoImplTest.saveEmployee()]]>
              </value>
            </param>
          </params>
          <reporter-output>
          </reporter-output>
        </test-method> <!-- springTestContextBeforeTestMethod -->
        <test-method status="PASS" signature="saveEmployee()[pri:0, instance:com.bsc.collect.dao.EmployeeDaoImplTest@3a883ce7]" name="saveEmployee" duration-ms="62" started-at="2015-11-02T09:07:30Z" finished-at="2015-11-02T09:07:30Z">
          <reporter-output>
          </reporter-output>
        </test-method> <!-- saveEmployee -->
        <test-method status="PASS" signature="springTestContextAfterTestMethod(java.lang.reflect.Method)[pri:0, instance:com.bsc.collect.dao.EmployeeDaoImplTest@3a883ce7]" name="springTestContextAfterTestMethod" is-config="true" duration-ms="0" started-at="2015-11-02T09:07:30Z" finished-at="2015-11-02T09:07:30Z">
          <params>
            <param index="0">
              <value>
                <![CDATA[public void com.bsc.collect.dao.EmployeeDaoImplTest.saveEmployee()]]>
              </value>
            </param>
          </params>
          <reporter-output>
          </reporter-output>
        </test-method> <!-- springTestContextAfterTestMethod -->
        <test-method status="PASS" signature="springTestContextAfterTestClass()[pri:0, instance:com.bsc.collect.dao.EmployeeDaoImplTest@3a883ce7]" name="springTestContextAfterTestClass" is-config="true" duration-ms="0" started-at="2015-11-02T09:07:30Z" finished-at="2015-11-02T09:07:30Z">
          <reporter-output>
          </reporter-output>
        </test-method> <!-- springTestContextAfterTestClass -->
      </class> <!-- com.bsc.collect.dao.EmployeeDaoImplTest -->
      <class name="com.bsc.collect.service.EmployeeServiceImplTest">
        <test-method status="PASS" signature="setUp()[pri:0, instance:com.bsc.collect.service.EmployeeServiceImplTest@3cef309d]" name="setUp" is-config="true" duration-ms="16" started-at="2015-11-02T09:07:30Z" finished-at="2015-11-02T09:07:30Z">
          <reporter-output>
          </reporter-output>
        </test-method> <!-- setUp -->
        <test-method status="PASS" signature="deleteEmployeeBySsn()[pri:0, instance:com.bsc.collect.service.EmployeeServiceImplTest@3cef309d]" name="deleteEmployeeBySsn" duration-ms="0" started-at="2015-11-02T09:07:30Z" finished-at="2015-11-02T09:07:30Z">
          <reporter-output>
          </reporter-output>
        </test-method> <!-- deleteEmployeeBySsn -->
        <test-method status="PASS" signature="updateEmployee()[pri:0, instance:com.bsc.collect.service.EmployeeServiceImplTest@3cef309d]" name="updateEmployee" duration-ms="0" started-at="2015-11-02T09:07:30Z" finished-at="2015-11-02T09:07:30Z">
          <reporter-output>
          </reporter-output>
        </test-method> <!-- updateEmployee -->
        <test-method status="PASS" signature="findEmployeeBySsn()[pri:0, instance:com.bsc.collect.service.EmployeeServiceImplTest@3cef309d]" name="findEmployeeBySsn" duration-ms="0" started-at="2015-11-02T09:07:30Z" finished-at="2015-11-02T09:07:30Z">
          <reporter-output>
          </reporter-output>
        </test-method> <!-- findEmployeeBySsn -->
        <test-method status="PASS" signature="isEmployeeSsnUnique()[pri:0, instance:com.bsc.collect.service.EmployeeServiceImplTest@3cef309d]" name="isEmployeeSsnUnique" duration-ms="0" started-at="2015-11-02T09:07:30Z" finished-at="2015-11-02T09:07:30Z">
          <reporter-output>
          </reporter-output>
        </test-method> <!-- isEmployeeSsnUnique -->
        <test-method status="PASS" signature="findAllEmployees()[pri:0, instance:com.bsc.collect.service.EmployeeServiceImplTest@3cef309d]" name="findAllEmployees" duration-ms="0" started-at="2015-11-02T09:07:30Z" finished-at="2015-11-02T09:07:30Z">
          <reporter-output>
          </reporter-output>
        </test-method> <!-- findAllEmployees -->
        <test-method status="PASS" signature="saveEmployee()[pri:0, instance:com.bsc.collect.service.EmployeeServiceImplTest@3cef309d]" name="saveEmployee" duration-ms="0" started-at="2015-11-02T09:07:30Z" finished-at="2015-11-02T09:07:30Z">
          <reporter-output>
          </reporter-output>
        </test-method> <!-- saveEmployee -->
        <test-method status="PASS" signature="findById()[pri:0, instance:com.bsc.collect.service.EmployeeServiceImplTest@3cef309d]" name="findById" duration-ms="0" started-at="2015-11-02T09:07:30Z" finished-at="2015-11-02T09:07:30Z">
          <reporter-output>
          </reporter-output>
        </test-method> <!-- findById -->
      </class> <!-- com.bsc.collect.service.EmployeeServiceImplTest -->
    </test> <!-- Command line test -->
  </suite> <!-- Command line suite -->
</testng-results>
