<?xml version="1.0" encoding="UTF-8" ?>
<testsuite tests="23" failures="0" name="TestSuite" time="14.587" errors="0" skipped="0">
  <properties>
[...]
</properties>
  <testcase classname="com.bsc.collect.controller.AppControllerTest" name="deleteEmployee" time="0.047"/>
  <testcase classname="com.bsc.collect.controller.AppControllerTest" name="editEmployee" time="0.016"/>
  <testcase classname="com.bsc.collect.controller.AppControllerTest" name="listEmployees" time="0.031"/>
  <testcase classname="com.bsc.collect.controller.AppControllerTest" name="newEmployee" time="0"/>
  <testcase classname="com.bsc.collect.controller.AppControllerTest" name="saveEmployeeWithSuccess" time="0"/>
  <testcase classname="com.bsc.collect.controller.AppControllerTest" name="saveEmployeeWithValidationError" time="0"/>
  <testcase classname="com.bsc.collect.controller.AppControllerTest" name="saveEmployeeWithValidationErrorNonUniqueSSN" time="0"/>
  <testcase classname="com.bsc.collect.controller.AppControllerTest" name="updateEmployeeWithSuccess" time="0"/>
  <testcase classname="com.bsc.collect.controller.AppControllerTest" name="updateEmployeeWithValidationError" time="0"/>
  <testcase classname="com.bsc.collect.controller.AppControllerTest" name="updateEmployeeWithValidationErrorNonUniqueSSN" time="0"/>
  <testcase classname="com.bsc.collect.dao.EmployeeDaoImplTest" name="deleteEmployeeByInvalidSsn" time="0.25"/>
  <testcase classname="com.bsc.collect.dao.EmployeeDaoImplTest" name="deleteEmployeeBySsn" time="0"/>
  <testcase classname="com.bsc.collect.dao.EmployeeDaoImplTest" name="findAllEmployees" time="0"/>
  <testcase classname="com.bsc.collect.dao.EmployeeDaoImplTest" name="findById" time="0.031"/>
  <testcase classname="com.bsc.collect.dao.EmployeeDaoImplTest" name="findEmployeeBySsn" time="0.109"/>
  <testcase classname="com.bsc.collect.dao.EmployeeDaoImplTest" name="saveEmployee" time="0.254"/>
  <testcase classname="com.bsc.collect.service.EmployeeServiceImplTest" name="deleteEmployeeBySsn" time="0"/>
  <testcase classname="com.bsc.collect.service.EmployeeServiceImplTest" name="findAllEmployees" time="0"/>
  <testcase classname="com.bsc.collect.service.EmployeeServiceImplTest" name="findById" time="0"/>
  <testcase classname="com.bsc.collect.service.EmployeeServiceImplTest" name="findEmployeeBySsn" time="0"/>
  <testcase classname="com.bsc.collect.service.EmployeeServiceImplTest" name="isEmployeeSsnUnique" time="0"/>
  <testcase classname="com.bsc.collect.service.EmployeeServiceImplTest" name="saveEmployee" time="0"/>
  <testcase classname="com.bsc.collect.service.EmployeeServiceImplTest" name="updateEmployee" time="0.015"/>
</testsuite>